0 info it worked if it ends with ok
1 verbose cli [ 'node', '/usr/local/bin/npm', 'run', 'dev' ]
2 info using npm@2.5.1
3 info using node@v0.12.1
4 verbose run-script [ 'predev', 'dev', 'postdev' ]
5 info predev electron-quick-start@1.0.0
6 info dev electron-quick-start@1.0.0
7 verbose unsafe-perm in lifecycle true
8 info electron-quick-start@1.0.0 Failed to exec dev script
9 verbose stack Error: electron-quick-start@1.0.0 dev: `cross-env NODE_ENV=development DEBUG=*,-babel electron --js-flags='--es_staging' ./`
9 verbose stack Exit status 1
9 verbose stack     at EventEmitter.<anonymous> (/usr/local/lib/node_modules/npm/lib/utils/lifecycle.js:213:16)
9 verbose stack     at EventEmitter.emit (events.js:110:17)
9 verbose stack     at ChildProcess.<anonymous> (/usr/local/lib/node_modules/npm/lib/utils/spawn.js:14:12)
9 verbose stack     at ChildProcess.emit (events.js:110:17)
9 verbose stack     at maybeClose (child_process.js:1008:16)
9 verbose stack     at Process.ChildProcess._handle.onexit (child_process.js:1080:5)
10 verbose pkgid electron-quick-start@1.0.0
11 verbose cwd /Users/shaneherft/Toptask
12 error Darwin 15.3.0
13 error argv "node" "/usr/local/bin/npm" "run" "dev"
14 error node v0.12.1
15 error npm  v2.5.1
16 error code ELIFECYCLE
17 error electron-quick-start@1.0.0 dev: `cross-env NODE_ENV=development DEBUG=*,-babel electron --js-flags='--es_staging' ./`
17 error Exit status 1
18 error Failed at the electron-quick-start@1.0.0 dev script 'cross-env NODE_ENV=development DEBUG=*,-babel electron --js-flags='--es_staging' ./'.
18 error This is most likely a problem with the electron-quick-start package,
18 error not with npm itself.
18 error Tell the author that this fails on your system:
18 error     cross-env NODE_ENV=development DEBUG=*,-babel electron --js-flags='--es_staging' ./
18 error You can get their info via:
18 error     npm owner ls electron-quick-start
18 error There is likely additional logging output above.
19 verbose exit [ 1, true ]
